This file contains any messages produced by compilers while
running configure, to aid debugging if configure makes a mistake.

It was created by pydb configure 1.26, which was
generated by GNU Autoconf 2.61.  Invocation command line was

  $ ./configure 

## --------- ##
## Platform. ##
## --------- ##

hostname = mail.chenchen.com
uname -m = x86_64
uname -r = 2.6.32-131.0.15.el6.x86_64
uname -s = Linux
uname -v = #1 SMP Tue May 10 15:42:40 EDT 2011

/usr/bin/uname -p = unknown
/bin/uname -X     = unknown

/bin/arch              = x86_64
/usr/bin/arch -k       = unknown
/usr/convex/getsysinfo = unknown
/usr/bin/hostinfo      = unknown
/bin/machine           = unknown
/usr/bin/oslevel       = unknown
/bin/universe          = unknown

PATH: /usr/lib64/qt-3.3/bin
PATH: /usr/local/sbin
PATH: /usr/sbin
PATH: /sbin
PATH: /usr/local/bin
PATH: /usr/bin
PATH: /bin
PATH: /usr/lib64/qt4/bin
PATH: /root/bin
PATH: /usr/lib64/qt4/bin


## ----------- ##
## Core tests. ##
## ----------- ##

configure:1711: checking for emacs
configure:1727: found /usr/bin/emacs
configure:1738: result: emacs
configure:1762: checking where .elc files should go
configure:1775: $EMACS -batch -q -eval '(while load-path (princ (concat (car load-path) "\n")) (setq load-path (cdr load-path)))' </dev/null >conftest.out
Loading /usr/share/emacs/site-lisp/site-start.d/focus-init.el (source)...
Loading /usr/share/emacs/site-lisp/site-start.d/php-mode-init.el (source)...
Loading /usr/share/emacs/site-lisp/site-start.d/po-mode-init.el (source)...
Loading /usr/share/emacs/site-lisp/site-start.d/rpm-spec-mode-init.el (source)...
Loading /usr/share/emacs/site-lisp/site-start.d/rpmdev-init.el (source)...
configure:1778: $? = 0
configure:1791: result: ${datarootdir}/emacs/site-lisp
configure:1802: checking for emacs
configure:1820: found /usr/bin/emacs
configure:1833: result: /usr/bin/emacs
configure:1906: checking for emacs
configure:1933: result: emacs
configure:1957: checking where .elc files should go
configure:1986: result: ${datarootdir}/emacs/site-lisp
configure:2036: checking for a Python interpreter with version >= 2.4.0
configure:2051: python -c import sys, string # split strings by '.' and convert to numeric. Append some zeros # because we need at least 4 digits for the hex conversion. minver = map(int, string.split('2.4.0', '.')) + [0, 0, 0] minverhex = 0 for i in xrange(0, 4): minverhex = (minverhex << 8) + minver[i] sys.exit(sys.hexversion < minverhex)
configure:2054: $? = 0
configure:2061: result: python
configure:2069: checking for python
configure:2087: found /usr/bin/python
configure:2099: result: /usr/bin/python
configure:2119: checking for python version
configure:2126: result: 2.6
configure:2138: checking for python platform
configure:2145: result: linux2
configure:2152: checking for python script directory
configure:2160: result: ${prefix}/lib/python2.6/site-packages
configure:2169: checking for python extension module directory
configure:2177: result: ${exec_prefix}/lib64/python2.6/site-packages
configure:2195: Trying to reset site-packages a the default often gets this wrong
configure:2212: checking whether to enable maintainer-specific portions of Makefiles
configure:2221: result: no
configure:2299: checking for a BSD-compatible install
configure:2355: result: /usr/bin/install -c
configure:2366: checking whether build environment is sane
configure:2409: result: yes
configure:2424: checking for a thread-safe mkdir -p
configure:2463: result: /bin/mkdir -p
configure:2476: checking for gawk
configure:2492: found /usr/bin/gawk
configure:2503: result: gawk
configure:2514: checking whether make sets $(MAKE)
configure:2535: result: yes
configure:2735: checking whether ln -s works
configure:2739: result: yes
configure:2997: creating ./config.status

## ---------------------- ##
## Running config.status. ##
## ---------------------- ##

This file was extended by pydb config.status 1.26, which was
generated by GNU Autoconf 2.61.  Invocation command line was

  CONFIG_FILES    = 
  CONFIG_HEADERS  = 
  CONFIG_LINKS    = 
  CONFIG_COMMANDS = 
  $ ./config.status 

on mail.chenchen.com

config.status:659: creating Doc/Makefile
config.status:659: creating Doc/pydb.1
config.status:659: creating Makefile
config.status:659: creating emacs/Makefile
config.status:659: creating emacs/pydb-test.el
config.status:659: creating pydb/__init__.py
config.status:659: creating pydb/gdb.py
config.status:659: creating pydb/pydb.py
config.status:659: creating setup.py
config.status:659: creating test/.pydbrc
config.status:659: creating test/Makefile
config.status:659: creating test/data/Makefile
config.status:659: creating test/unit/Makefile
config.status:659: creating test/brkpt3.cmd
config.status:659: creating test/brkpt3.right
config.status:659: creating test/brkpt3t.right
config.status:659: creating test/except.py
config.status:659: creating test/exceptbug.py
config.status:659: creating test/file-2.5.right
config.status:659: creating test/file.cmd
config.status:659: creating test/file.right
config.status:659: creating test/settrace.py
config.status:659: creating test/test-complete.py
config.status:659: creating test/test-connect.py
config.status:659: creating test/test-contbug.py
config.status:659: creating test/test-disassem.py
config.status:659: creating test/test-dbgcall.py
config.status:659: creating test/test-fifo-connect.py
config.status:659: creating test/test-file.py
config.status:659: creating test/test-fns.py
config.status:659: creating test/test-help.py
config.status:659: creating test/test-import.py
config.status:659: creating test/test-linetrace.py
config.status:659: creating test/test-pm.py
config.status:659: creating test/test-run.py
config.status:659: creating test/test-save.py
config.status:659: creating test/test-setshow.py
config.status:659: creating test/test-sig.py
config.status:659: creating test/test-sighandle.py
config.status:659: creating test/test-skip.py
config.status:659: creating test/test-step.py
config.status:659: creating test/test-tcp-connect.py
config.status:659: creating test/test-trace.py
config.status:659: creating test/test-with.py
config.status:659: creating test/test.py
config.status:659: creating test/unit/bytecode.py
config.status:659: creating test/unit/checkline.py
config.status:659: creating test/unit/fns.py
config.status:659: creating test/unit/listsize.py
config.status:659: creating test/unit/pydbcmd.py
config.status:659: creating test/unit/sighandler.py

## ---------------- ##
## Cache variables. ##
## ---------------- ##

ac_cv_env_EMACSLOADPATH_set=
ac_cv_env_EMACSLOADPATH_value=
ac_cv_env_EMACS_set=
ac_cv_env_EMACS_value=
ac_cv_env_build_alias_set=
ac_cv_env_build_alias_value=
ac_cv_env_host_alias_set=
ac_cv_env_host_alias_value=
ac_cv_env_target_alias_set=
ac_cv_env_target_alias_value=
ac_cv_path_EMACS=/usr/bin/emacs
ac_cv_path_PYTHON=/usr/bin/python
ac_cv_path_install='/usr/bin/install -c'
ac_cv_path_mkdir=/bin/mkdir
ac_cv_prog_AWK=gawk
ac_cv_prog_EMACS=emacs
ac_cv_prog_make_make_set=yes
am_cv_lispdir='${datarootdir}/emacs/site-lisp'
am_cv_pathless_PYTHON=python
am_cv_python_platform=linux2
am_cv_python_pyexecdir='${exec_prefix}/lib64/python2.6/site-packages'
am_cv_python_pythondir='${prefix}/lib/python2.6/site-packages'
am_cv_python_version=2.6

## ----------------- ##
## Output variables. ##
## ----------------- ##

ACLOCAL='${SHELL} /root/.emacs.d/pydb-1.26/missing --run aclocal-1.10'
AMTAR='${SHELL} /root/.emacs.d/pydb-1.26/missing --run tar'
AUTOCONF='${SHELL} /root/.emacs.d/pydb-1.26/missing --run autoconf'
AUTOHEADER='${SHELL} /root/.emacs.d/pydb-1.26/missing --run autoheader'
AUTOMAKE='${SHELL} /root/.emacs.d/pydb-1.26/missing --run automake-1.10'
AWK='gawk'
CVS2CL='${SHELL} /root/.emacs.d/pydb-1.26/missing --run cvs2cl'
CYGPATH_W='echo'
DEFS='-DPACKAGE_NAME=\"pydb\" -DPACKAGE_TARNAME=\"pydb\" -DPACKAGE_VERSION=\"1.26\" -DPACKAGE_STRING=\"pydb\ 1.26\" -DPACKAGE_BUGREPORT=\"bashdb-pydb-devel@lists.sourceforge.net\" -DPACKAGE=pydb -DPACKAGE=\"pydb\" -DVERSION=\"1.26\"'
ECHO_C=''
ECHO_N='-n'
ECHO_T=''
EMACS='emacs'
EMACSLOADPATH=''
INSTALL_DATA='${INSTALL} -m 644'
INSTALL_EMACS_LISP_FALSE='#'
INSTALL_EMACS_LISP_TRUE=''
INSTALL_PROGRAM='${INSTALL}'
INSTALL_SCRIPT='${INSTALL}'
INSTALL_STRIP_PROGRAM='$(install_sh) -c -s'
LIBOBJS=''
LIBS=''
LN_S='ln -s'
LTLIBOBJS=''
MAINT='#'
MAINTAINER_MODE_FALSE=''
MAINTAINER_MODE_TRUE='#'
MAKEINFO='${SHELL} /root/.emacs.d/pydb-1.26/missing --run makeinfo'
MIN_VERSION='2.4.0'
PACKAGE='pydb'
PACKAGE_BUGREPORT='bashdb-pydb-devel@lists.sourceforge.net'
PACKAGE_NAME='pydb'
PACKAGE_STRING='pydb 1.26'
PACKAGE_TARNAME='pydb'
PACKAGE_VERSION='1.26'
PATH_SEPARATOR=':'
PYTHON='/usr/bin/python'
PYTHON_EXEC_PREFIX='${exec_prefix}'
PYTHON_PLATFORM='linux2'
PYTHON_PREFIX='${prefix}'
PYTHON_VERSION='2.6'
READLINE='readline'
SET_MAKE=''
SHELL='/bin/sh'
STRIP=''
VERSION='1.26'
am__isrc=''
am__leading_dot='.'
am__tar='${AMTAR} chof - "$$tardir"'
am__untar='${AMTAR} xf -'
bindir='${exec_prefix}/bin'
build_alias=''
datadir='${datarootdir}'
datarootdir='${prefix}/share'
docdir='${datarootdir}/doc/${PACKAGE_TARNAME}'
dvidir='${docdir}'
exec_prefix='${prefix}'
host_alias=''
htmldir='${docdir}'
includedir='${prefix}/include'
infodir='${datarootdir}/info'
install_sh='$(SHELL) /root/.emacs.d/pydb-1.26/install-sh'
libdir='${exec_prefix}/lib'
libexecdir='${exec_prefix}/libexec'
lispdir='${datarootdir}/emacs/site-lisp'
localedir='${datarootdir}/locale'
localstatedir='${prefix}/var'
mandir='${datarootdir}/man'
mkdir_p='/bin/mkdir -p'
oldincludedir='/usr/include'
pdfdir='${docdir}'
pkgpyexecdir='${pyexecdir}/pydb'
pkgpythondir='${pythondir}/pydb'
prefix='/usr/local'
program_transform_name='s,x,x,'
psdir='${docdir}'
pyexecdir='${exec_prefix}/lib64/python2.6/site-packages'
pythondir='/usr/lib64/python2.6/site-packages'
sbindir='${exec_prefix}/sbin'
sharedstatedir='${prefix}/com'
sysconfdir='${prefix}/etc'
target_alias=''

## ----------- ##
## confdefs.h. ##
## ----------- ##

#define PACKAGE_NAME "pydb"
#define PACKAGE_TARNAME "pydb"
#define PACKAGE_VERSION "1.26"
#define PACKAGE_STRING "pydb 1.26"
#define PACKAGE_BUGREPORT "bashdb-pydb-devel@lists.sourceforge.net"
#define PACKAGE pydb
#define PACKAGE "pydb"
#define VERSION "1.26"

configure: exit 0
